  stb_image_aug.c
d:\study\opengl\soil\simple opengl image library\src\stb_image_aug.c(177): warning C4996: 'fopen': This function or variable may be unsafe. Consider using fopen_s instead. To disable deprecation, use _CRT_SECURE_NO_WARNINGS. See online help for details.
  c:\program files (x86)\windows kits\10\include\10.0.17134.0\ucrt\stdio.h(208): note:  см. объявление "fopen"
d:\study\opengl\soil\simple opengl image library\src\stb_image_aug.c(251): warning C4996: 'fopen': This function or variable may be unsafe. Consider using fopen_s instead. To disable deprecation, use _CRT_SECURE_NO_WARNINGS. See online help for details.
  c:\program files (x86)\windows kits\10\include\10.0.17134.0\ucrt\stdio.h(208): note:  см. объявление "fopen"
d:\study\opengl\soil\simple opengl image library\src\stb_image_aug.c(303): warning C4996: 'fopen': This function or variable may be unsafe. Consider using fopen_s instead. To disable deprecation, use _CRT_SECURE_NO_WARNINGS. See online help for details.
  c:\program files (x86)\windows kits\10\include\10.0.17134.0\ucrt\stdio.h(208): note:  см. объявление "fopen"
d:\study\opengl\soil\simple opengl image library\src\stb_image_aug.c(1557): warning C4996: 'fopen': This function or variable may be unsafe. Consider using fopen_s instead. To disable deprecation, use _CRT_SECURE_NO_WARNINGS. See online help for details.
  c:\program files (x86)\windows kits\10\include\10.0.17134.0\ucrt\stdio.h(208): note:  см. объявление "fopen"
d:\study\opengl\soil\simple opengl image library\src\stb_image_aug.c(2394): warning C4996: 'fopen': This function or variable may be unsafe. Consider using fopen_s instead. To disable deprecation, use _CRT_SECURE_NO_WARNINGS. See online help for details.
  c:\program files (x86)\windows kits\10\include\10.0.17134.0\ucrt\stdio.h(208): note:  см. объявление "fopen"
d:\study\opengl\soil\simple opengl image library\src\stb_image_aug.c(2709): warning C4996: 'fopen': This function or variable may be unsafe. Consider using fopen_s instead. To disable deprecation, use _CRT_SECURE_NO_WARNINGS. See online help for details.
  c:\program files (x86)\windows kits\10\include\10.0.17134.0\ucrt\stdio.h(208): note:  см. объявление "fopen"
d:\study\opengl\soil\simple opengl image library\src\stb_image_aug.c(2995): warning C4996: 'fopen': This function or variable may be unsafe. Consider using fopen_s instead. To disable deprecation, use _CRT_SECURE_NO_WARNINGS. See online help for details.
  c:\program files (x86)\windows kits\10\include\10.0.17134.0\ucrt\stdio.h(208): note:  см. объявление "fopen"
d:\study\opengl\soil\simple opengl image library\src\stb_image_aug.c(3209): warning C4996: 'fopen': This function or variable may be unsafe. Consider using fopen_s instead. To disable deprecation, use _CRT_SECURE_NO_WARNINGS. See online help for details.
  c:\program files (x86)\windows kits\10\include\10.0.17134.0\ucrt\stdio.h(208): note:  см. объявление "fopen"
d:\study\opengl\soil\simple opengl image library\src\stb_image_aug.c(3548): warning C4996: 'fopen': This function or variable may be unsafe. Consider using fopen_s instead. To disable deprecation, use _CRT_SECURE_NO_WARNINGS. See online help for details.
  c:\program files (x86)\windows kits\10\include\10.0.17134.0\ucrt\stdio.h(208): note:  см. объявление "fopen"
d:\study\opengl\soil\simple opengl image library\src\stb_image_aug.c(3644): warning C4996: 'fopen': This function or variable may be unsafe. Consider using fopen_s instead. To disable deprecation, use _CRT_SECURE_NO_WARNINGS. See online help for details.
  c:\program files (x86)\windows kits\10\include\10.0.17134.0\ucrt\stdio.h(208): note:  см. объявление "fopen"
d:\study\opengl\soil\simple opengl image library\src\stbi_dds_aug_c.h(362): warning C4018: >: несоответствие типов со знаком и без знака
d:\study\opengl\soil\simple opengl image library\src\stbi_dds_aug_c.h(366): warning C4018: >: несоответствие типов со знаком и без знака
d:\study\opengl\soil\simple opengl image library\src\stbi_dds_aug_c.h(390): warning C4018: <: несоответствие типов со знаком и без знака
d:\study\opengl\soil\simple opengl image library\src\stbi_dds_aug_c.h(427): warning C4018: <: несоответствие типов со знаком и без знака
d:\study\opengl\soil\simple opengl image library\src\stbi_dds_aug_c.h(498): warning C4996: 'fopen': This function or variable may be unsafe. Consider using fopen_s instead. To disable deprecation, use _CRT_SECURE_NO_WARNINGS. See online help for details.
  c:\program files (x86)\windows kits\10\include\10.0.17134.0\ucrt\stdio.h(208): note:  см. объявление "fopen"
  SOIL.c
d:\study\opengl\soil\simple opengl image library\src\soil.c(1719): warning C4018: <=: несоответствие типов со знаком и без знака
d:\study\opengl\soil\simple opengl image library\src\soil.c(1729): warning C4018: <: несоответствие типов со знаком и без знака
d:\study\opengl\soil\simple opengl image library\src\soil.c(1841): warning C4996: 'fopen': This function or variable may be unsafe. Consider using fopen_s instead. To disable deprecation, use _CRT_SECURE_NO_WARNINGS. See online help for details.
  c:\program files (x86)\windows kits\10\include\10.0.17134.0\ucrt\stdio.h(208): note:  см. объявление "fopen"
  image_helper.c
d:\study\opengl\soil\simple opengl image library\src\image_helper.c(325): warning C4244: инициализация: преобразование "double" в "float", возможна потеря данных
d:\study\opengl\soil\simple opengl image library\src\image_helper.c(366): warning C4244: =: преобразование "double" в "float", возможна потеря данных
d:\study\opengl\soil\simple opengl image library\src\image_helper.c(373): warning C4244: =: преобразование "float" в "int", возможна потеря данных
d:\study\opengl\soil\simple opengl image library\src\image_helper.c(415): warning C4244: =: преобразование "double" в "float", возможна потеря данных
d:\study\opengl\soil\simple opengl image library\src\image_helper.c(422): warning C4244: =: преобразование "float" в "int", возможна потеря данных
  image_DXT.c
d:\study\opengl\soil\simple opengl image library\src\image_dxt.c(92): warning C4996: 'fopen': This function or variable may be unsafe. Consider using fopen_s instead. To disable deprecation, use _CRT_SECURE_NO_WARNINGS. See online help for details.
  c:\program files (x86)\windows kits\10\include\10.0.17134.0\ucrt\stdio.h(208): note:  см. объявление "fopen"
  Создание кода...
  SOIL.vcxproj -> D:\Study\OPENGL\soil\Simple OpenGL Image Library\projects\VC9\Debug\SOIL.lib
